d:\onedrive\מכון לב\שנה ב\סמסטר ב\מיני פרוייקט בארגון וניהול קבצים\fms5776_2075_3798.0002\fms5776_2075_3798\debug\vc140.pdb
d:\onedrive\מכון לב\שנה ב\סמסטר ב\מיני פרוייקט בארגון וניהול קבצים\fms5776_2075_3798.0002\fms5776_2075_3798\debug\vc140.idb
d:\onedrive\מכון לב\שנה ב\סמסטר ב\מיני פרוייקט בארגון וניהול קבצים\fms5776_2075_3798.0002\fms5776_2075_3798\debug\dat.obj
d:\onedrive\מכון לב\שנה ב\סמסטר ב\מיני פרוייקט בארגון וניהול קבצים\fms5776_2075_3798.0002\fms5776_2075_3798\debug\dir.obj
d:\onedrive\מכון לב\שנה ב\סמסטר ב\מיני פרוייקט בארגון וניהול קבצים\fms5776_2075_3798.0002\fms5776_2075_3798\debug\fileheader.obj
d:\onedrive\מכון לב\שנה ב\סמסטר ב\מיני פרוייקט בארגון וניהול קבצים\fms5776_2075_3798.0002\fms5776_2075_3798\debug\main.obj
d:\onedrive\מכון לב\שנה ב\סמסטר ב\מיני פרוייקט בארגון וניהול קבצים\fms5776_2075_3798.0002\fms5776_2075_3798\debug\direntry.obj
d:\onedrive\מכון לב\שנה ב\סמסטר ב\מיני פרוייקט בארגון וניהול קבצים\fms5776_2075_3798.0002\fms5776_2075_3798\debug\sector.obj
d:\onedrive\מכון לב\שנה ב\סמסטר ב\מיני פרוייקט בארגון וניהול קבצים\fms5776_2075_3798.0002\fms5776_2075_3798\debug\vhd.obj
d:\onedrive\מכון לב\שנה ב\סמסטר ב\מיני פרוייקט בארגון וניהול קבצים\fms5776_2075_3798.0002\fms5776_2075_3798\debug\today.obj
d:\onedrive\מכון לב\שנה ב\סמסטר ב\מיני פרוייקט בארגון וניהול קבצים\fms5776_2075_3798.0002\debug\fms5776_2075_3798.pdb
d:\onedrive\מכון לב\שנה ב\סמסטר ב\מיני פרוייקט בארגון וניהול קבצים\fms5776_2075_3798.0002\fms5776_2075_3798\debug\fms5776_.eea277ec.tlog\cl.command.1.tlog
d:\onedrive\מכון לב\שנה ב\סמסטר ב\מיני פרוייקט בארגון וניהול קבצים\fms5776_2075_3798.0002\fms5776_2075_3798\debug\fms5776_.eea277ec.tlog\cl.read.1.tlog
d:\onedrive\מכון לב\שנה ב\סמסטר ב\מיני פרוייקט בארגון וניהול קבצים\fms5776_2075_3798.0002\fms5776_2075_3798\debug\fms5776_.eea277ec.tlog\cl.write.1.tlog
d:\onedrive\מכון לב\שנה ב\סמסטר ב\מיני פרוייקט בארגון וניהול קבצים\fms5776_2075_3798.0002\fms5776_2075_3798\debug\fms5776_.eea277ec.tlog\link-cvtres.read.1.tlog
d:\onedrive\מכון לב\שנה ב\סמסטר ב\מיני פרוייקט בארגון וניהול קבצים\fms5776_2075_3798.0002\fms5776_2075_3798\debug\fms5776_.eea277ec.tlog\link-cvtres.write.1.tlog
d:\onedrive\מכון לב\שנה ב\סמסטר ב\מיני פרוייקט בארגון וניהול קבצים\fms5776_2075_3798.0002\fms5776_2075_3798\debug\fms5776_.eea277ec.tlog\link-rc.read.1.tlog
d:\onedrive\מכון לב\שנה ב\סמסטר ב\מיני פרוייקט בארגון וניהול קבצים\fms5776_2075_3798.0002\fms5776_2075_3798\debug\fms5776_.eea277ec.tlog\link-rc.write.1.tlog
d:\onedrive\מכון לב\שנה ב\סמסטר ב\מיני פרוייקט בארגון וניהול קבצים\fms5776_2075_3798.0002\fms5776_2075_3798\debug\fms5776_.eea277ec.tlog\link.command.1.tlog
d:\onedrive\מכון לב\שנה ב\סמסטר ב\מיני פרוייקט בארגון וניהול קבצים\fms5776_2075_3798.0002\fms5776_2075_3798\debug\fms5776_.eea277ec.tlog\link.read.1.tlog
d:\onedrive\מכון לב\שנה ב\סמסטר ב\מיני פרוייקט בארגון וניהול קבצים\fms5776_2075_3798.0002\fms5776_2075_3798\debug\fms5776_.eea277ec.tlog\link.write.1.tlog
